\BOOKMARK [0][-]{chapter.1}{\376\377\000P\000r\000e\000f\000a\000c\000e}{}% 1
\BOOKMARK [1][-]{section.1.1}{\376\377\000A\000b\000o\000u\000t}{chapter.1}% 2
\BOOKMARK [1][-]{section.1.2}{\376\377\000M\000o\000t\000i\000v\000a\000t\000i\000o\000n\000\040\000f\000o\000r\000\040\000t\000h\000i\000s\000\040\000t\000u\000t\000o\000r\000i\000a\000l}{chapter.1}% 3
\BOOKMARK [1][-]{section.1.3}{\376\377\000F\000e\000e\000d\000b\000a\000c\000k\000\040\000a\000n\000d\000\040\000s\000u\000g\000g\000e\000s\000t\000i\000o\000n\000s}{chapter.1}% 4
\BOOKMARK [0][-]{chapter.2}{\376\377\000I\000n\000t\000r\000o\000d\000u\000c\000t\000i\000o\000n}{}% 5
\BOOKMARK [1][-]{section.2.1}{\376\377\000S\000p\000h\000n\000i\000x\000:\000\040\000P\000y\000t\000h\000o\000n\000\040\000D\000o\000c\000u\000m\000e\000n\000t\000a\000t\000i\000o\000n\000\040\000G\000e\000n\000e\000r\000a\000t\000o\000r}{chapter.2}% 6
\BOOKMARK [1][-]{section.2.2}{\376\377\000r\000e\000S\000t\000r\000u\000c\000t\000u\000r\000e\000d\000\040\000T\000e\000x\000t}{chapter.2}% 7
\BOOKMARK [1][-]{section.2.3}{\376\377\000L\000a\000t\000e\000x\000\040\000D\000o\000c\000u\000m\000e\000n\000t\000\040\000P\000r\000e\000p\000a\000r\000a\000t\000i\000o\000n\000\040\000S\000y\000s\000t\000e\000m}{chapter.2}% 8
\BOOKMARK [0][-]{chapter.3}{\376\377\000P\000a\000c\000k\000a\000g\000e\000s\000\040\000I\000n\000s\000t\000a\000l\000l\000a\000t\000i\000o\000n}{}% 9
\BOOKMARK [1][-]{section.3.1}{\376\377\000P\000y\000t\000h\000o\000n\000\040\000I\000n\000s\000t\000a\000l\000l\000a\000t\000i\000o\000n}{chapter.3}% 10
\BOOKMARK [1][-]{section.3.2}{\376\377\000S\000p\000h\000i\000n\000x\000\040\000I\000n\000s\000t\000a\000l\000l\000a\000t\000i\000o\000n}{chapter.3}% 11
\BOOKMARK [1][-]{section.3.3}{\376\377\000L\000a\000t\000e\000x\000\040\000I\000n\000s\000t\000a\000l\000l\000a\000t\000i\000o\000n}{chapter.3}% 12
\BOOKMARK [0][-]{chapter.4}{\376\377\000S\000p\000h\000i\000n\000x\000\040\000C\000o\000n\000f\000i\000g\000u\000r\000a\000t\000i\000o\000n}{}% 13
\BOOKMARK [1][-]{section.4.1}{\376\377\000G\000e\000n\000e\000r\000a\000l\000\040\000H\000T\000M\000L\000\040\000C\000o\000n\000f\000i\000g\000u\000r\000a\000t\000i\000o\000n}{chapter.4}% 14
\BOOKMARK [1][-]{section.4.2}{\376\377\000G\000e\000n\000e\000r\000a\000l\000\040\000L\000a\000T\000e\000x\000\040\000C\000o\000n\000f\000i\000g\000u\000r\000a\000t\000i\000o\000n}{chapter.4}% 15
\BOOKMARK [1][-]{section.4.3}{\376\377\000F\000u\000l\000l\000\040\000c\000o\000n\000f\000.\000p\000y\000\040\000S\000c\000r\000i\000p\000t}{chapter.4}% 16
\BOOKMARK [1][-]{section.4.4}{\376\377\000G\000e\000n\000e\000r\000a\000l\000\040\000D\000o\000c\000u\000m\000e\000n\000t\000a\000t\000i\000o\000n\000\040\000G\000e\000n\000e\000r\000a\000t\000o\000r\000\040\000C\000o\000n\000f\000i\000g\000u\000r\000a\000t\000i\000o\000n}{chapter.4}% 17
\BOOKMARK [1][-]{section.4.5}{\376\377\000F\000u\000l\000l\000\040\000d\000o\000c\000g\000e\000n\000.\000p\000y\000\040\000S\000c\000r\000i\000p\000t}{chapter.4}% 18
\BOOKMARK [0][-]{chapter.5}{\376\377\000r\000e\000S\000t\000r\000u\000c\000t\000u\000r\000e\000d\000T\000e\000x\000t\000\040\000M\000a\000r\000k\000u\000p}{}% 19
\BOOKMARK [1][-]{section.5.1}{\376\377\000r\000e\000S\000t\000r\000u\000c\000t\000u\000r\000e\000d\000T\000e\000x\000t\000\040\000P\000r\000i\000m\000e\000r}{chapter.5}% 20
\BOOKMARK [1][-]{section.5.2}{\376\377\000R\000o\000l\000e\000s}{chapter.5}% 21
\BOOKMARK [1][-]{section.5.3}{\376\377\000D\000i\000r\000e\000c\000t\000i\000v\000e\000s}{chapter.5}% 22
\BOOKMARK [0][-]{chapter.6}{\376\377\000A\000P\000I\000\040\000E\000x\000a\000m\000p\000l\000e}{}% 23
\BOOKMARK [1][-]{section.6.1}{\376\377\000r\000n\000o\000r\000m}{chapter.6}% 24
\BOOKMARK [1][-]{section.6.2}{\376\377\000d\000n\000o\000r\000m}{chapter.6}% 25
\BOOKMARK [1][-]{section.6.3}{\376\377\000r\000u\000n\000i\000f}{chapter.6}% 26
\BOOKMARK [1][-]{section.6.4}{\376\377\000T\000-\000t\000e\000s\000t}{chapter.6}% 27
\BOOKMARK [0][-]{chapter.7}{\376\377\000P\000u\000b\000l\000i\000s\000h\000i\000n\000g\000\040\000o\000n\000\040\000G\000i\000t\000h\000u\000b}{}% 28
\BOOKMARK [1][-]{section.7.1}{\376\377\000C\000r\000e\000a\000t\000e\000\040\000r\000e\000S\000t\000r\000u\000c\000t\000u\000r\000e\000d\000T\000e\000x\000t\000s}{chapter.7}% 29
\BOOKMARK [1][-]{section.7.2}{\376\377\000C\000r\000e\000a\000t\000e\000\040\000R\000e\000p\000o\000s\000i\000t\000o\000r\000y\000\040\000o\000n\000\040\000G\000i\000t\000h\000u\000b}{chapter.7}% 30
\BOOKMARK [1][-]{section.7.3}{\376\377\000C\000o\000m\000m\000i\000t\000\040\000r\000e\000S\000t\000r\000u\000c\000t\000u\000r\000e\000d\000T\000e\000x\000t\000s\000\040\000f\000o\000l\000d\000e\000r\000\040\000t\000o\000\040\000R\000e\000p\000o\000s\000i\000t\000o\000r\000y}{chapter.7}% 31
\BOOKMARK [1][-]{section.7.4}{\376\377\000S\000e\000t\000u\000p\000\040\000G\000i\000t\000h\000u\000b\000\040\000P\000a\000g\000e\000s\000\040\000o\000n\000\040\000G\000i\000t\000h\000u\000b}{chapter.7}% 32
\BOOKMARK [0][-]{chapter.8}{\376\377\000M\000a\000i\000n\000\040\000R\000e\000f\000e\000r\000e\000n\000c\000e}{}% 33
\BOOKMARK [0][-]{chapter.9}{\376\377\000A\000p\000p\000e\000n\000d\000i\000x\000:\000\040\000M\000y\000\040\000L\000a\000T\000e\000x\000\040\000C\000h\000e\000a\000t\000\040\000S\000h\000e\000e\000t}{}% 34
\BOOKMARK [0][-]{chapter*.7}{\376\377\000B\000i\000b\000l\000i\000o\000g\000r\000a\000p\000h\000y}{}% 35
\BOOKMARK [0][-]{section*.8}{\376\377\000P\000y\000t\000h\000o\000n\000\040\000M\000o\000d\000u\000l\000e\000\040\000I\000n\000d\000e\000x}{}% 36
\BOOKMARK [0][-]{section*.9}{\376\377\000I\000n\000d\000e\000x}{}% 37
